<?xml version="1.0" encoding="UTF-8"?>
<!-- Generated by org.testng.reporters.JUnitXMLReporter -->
<testsuite hostname="macbook-MBP.lan" ignored="3" name="Test" tests="4" failures="0" timestamp="2021-02-07T21:38:10 CST" time="52.278" errors="0">
  <testcase name="first4Under15" time="19.685" classname="com.test.CVS"/>
  <testcase name="goToRedvet" time="7.748" classname="com.test.TestA"/>
  <testcase name="goToGoogle" time="3.17" classname="com.test.TestA"/>
  <testcase name="goToFace" time="5.23" classname="com.test.TestA"/>
  <testcase name="test2inB" time="0.0" classname="com.test.TestB">
    <ignored/>
  </testcase> <!-- test2inB -->
  <testcase name="test3inB" time="0.0" classname="com.test.TestB">
    <ignored/>
  </testcase> <!-- test3inB -->
  <testcase name="test1inB" time="0.0" classname="com.test.TestB">
    <ignored/>
  </testcase> <!-- test1inB -->
</testsuite> <!-- Test -->
